<?xml version="1.0" encoding="UTF-8"?>
<testng-results ignored="0" total="1" passed="1" failed="0" skipped="0">
  <reporter-output>
  </reporter-output>
  <suite started-at="2022-03-08T19:33:55 IST" name="Default suite" finished-at="2022-03-08T19:33:59 IST" duration-ms="4501">
    <groups>
    </groups>
    <test started-at="2022-03-08T19:33:55 IST" name="Default test" finished-at="2022-03-08T19:33:59 IST" duration-ms="4501">
      <class name="webElementUtilitiesTest.WebElementUtilitiesTest">
        <test-method is-config="true" signature="beforeSuite()[pri:0, instance:webElementUtilitiesTest.WebElementUtilitiesTest@10d307f1]" started-at="2022-03-08T19:33:55 IST" name="beforeSuite" finished-at="2022-03-08T19:33:55 IST" duration-ms="6" status="PASS">
          <reporter-output>
          </reporter-output>
        </test-method> <!-- beforeSuite -->
        <test-method is-config="true" signature="beforeClass(org.testng.ITestContext)[pri:0, instance:webElementUtilitiesTest.WebElementUtilitiesTest@10d307f1]" started-at="2022-03-08T19:33:55 IST" name="beforeClass" finished-at="2022-03-08T19:33:59 IST" duration-ms="4041" status="PASS">
          <params>
            <param index="0">
              <value>
                <![CDATA[org.testng.TestRunner@7d5508e0]]>
              </value>
            </param>
          </params>
          <reporter-output>
          </reporter-output>
        </test-method> <!-- beforeClass -->
        <test-method signature="TestWebelementUtilities()[pri:0, instance:webElementUtilitiesTest.WebElementUtilitiesTest@10d307f1]" started-at="2022-03-08T19:33:59 IST" name="TestWebelementUtilities" finished-at="2022-03-08T19:33:59 IST" duration-ms="20" status="PASS">
          <reporter-output>
          </reporter-output>
        </test-method> <!-- TestWebelementUtilities -->
        <test-method is-config="true" signature="afterClass()[pri:0, instance:webElementUtilitiesTest.WebElementUtilitiesTest@10d307f1]" started-at="2022-03-08T19:33:59 IST" name="afterClass" finished-at="2022-03-08T19:33:59 IST" duration-ms="147" status="PASS">
          <reporter-output>
          </reporter-output>
        </test-method> <!-- afterClass -->
      </class> <!-- webElementUtilitiesTest.WebElementUtilitiesTest -->
    </test> <!-- Default test -->
  </suite> <!-- Default suite -->
</testng-results>
